2017-11-30 14:25:48 INFO  Testbase:40 - Browser launching
2017-11-30 14:25:58 INFO  Testbase:50 - URL opening
2017-11-30 14:26:18 INFO  Testbase:33 - Initialization completed-----------Now Trigerring Browser
2017-11-30 14:26:18 INFO  Tc001_Loginwithrecords:24 - Entered1
2017-11-30 14:28:52 INFO  Testbase:30 - Initialization completed-----------Now Trigerring Browser
2017-11-30 14:28:52 INFO  Testbase:40 - Browser launching
2017-11-30 14:28:57 INFO  Testbase:50 - URL opening
2017-11-30 14:29:23 INFO  Tc001_Loginwithrecords:24 - Entered1
2017-11-30 14:33:34 INFO  Testbase:30 - Initialization completed-----------Now Trigerring Browser
2017-11-30 14:33:34 INFO  Testbase:40 - Browser launching
2017-11-30 14:33:38 INFO  Testbase:50 - URL opening
2017-11-30 14:34:17 INFO  Tc001_Loginwithrecords:25 - Entered1
2017-11-30 16:10:57 INFO  Testbase:37 - Initialization completed-----------Now Trigerring Browser
2017-11-30 16:10:57 INFO  Testbase:47 - Browser launching
2017-11-30 16:11:03 INFO  Testbase:57 - URL opening
2017-11-30 16:12:59 INFO  Testbase:37 - Initialization completed-----------Now Trigerring Browser
2017-11-30 16:12:59 INFO  Testbase:47 - Browser launching
2017-11-30 16:13:02 INFO  Testbase:57 - URL opening
2017-11-30 16:16:08 INFO  Testbase:37 - Initialization completed-----------Now Trigerring Browser
2017-11-30 16:16:08 INFO  Testbase:47 - Browser launching
2017-11-30 16:16:12 INFO  Testbase:57 - URL opening
2017-11-30 16:17:35 INFO  Testbase:37 - Initialization completed-----------Now Trigerring Browser
2017-11-30 16:17:35 INFO  Testbase:47 - Browser launching
2017-11-30 16:17:38 INFO  Testbase:57 - URL opening
2017-11-30 16:17:55 INFO  Tc001_Loginwithrecords:20 - back from init
2017-11-30 16:17:55 INFO  Testbase:72 - Took Screenshot
2017-11-30 16:20:38 INFO  Testbase:37 - Initialization completed-----------Now Trigerring Browser
2017-11-30 16:20:38 INFO  Testbase:47 - Browser launching
2017-11-30 16:20:42 INFO  Testbase:57 - URL opening
2017-11-30 16:21:01 INFO  Tc001_Loginwithrecords:20 - back from init
2017-11-30 16:21:02 INFO  Testbase:72 - Took Screenshot
2017-11-30 16:21:03 INFO  Testbase:75 - Screenshot saved
2017-11-30 16:21:04 INFO  Tc001_Loginwithrecords:34 - Entered1
2017-11-30 16:23:15 INFO  Testbase:37 - Initialization completed-----------Now Trigerring Browser
2017-11-30 16:23:15 INFO  Testbase:47 - Browser launching
2017-11-30 16:23:20 INFO  Testbase:57 - URL opening
2017-11-30 16:23:39 INFO  Tc001_Loginwithrecords:20 - back from init
2017-11-30 16:23:39 INFO  Testbase:72 - Took Screenshot
2017-11-30 16:25:54 INFO  Testbase:37 - Initialization completed-----------Now Trigerring Browser
2017-11-30 16:25:54 INFO  Testbase:47 - Browser launching
2017-11-30 16:25:58 INFO  Testbase:57 - URL opening
2017-11-30 16:26:38 INFO  Tc001_Loginwithrecords:20 - back from init
2017-11-30 16:26:38 INFO  Testbase:72 - Took Screenshot
2017-11-30 16:28:31 INFO  Testbase:37 - Initialization completed-----------Now Trigerring Browser
2017-11-30 16:28:31 INFO  Testbase:47 - Browser launching
2017-11-30 16:28:35 INFO  Testbase:57 - URL opening
2017-11-30 16:29:17 INFO  Tc001_Loginwithrecords:20 - back from init
2017-11-30 16:29:17 INFO  Testbase:73 - Took Screenshot
2017-11-30 16:29:17 INFO  Testbase:75 - Thu Nov 30 16:28:31 IST 2017
2017-11-30 16:29:18 INFO  Testbase:77 - Screenshot saved
2017-11-30 16:29:18 INFO  Tc001_Loginwithrecords:34 - Entered1
2017-11-30 16:29:20 INFO  Tc001_Loginwithrecords:41 - Browser closed
2017-11-30 16:35:15 INFO  Testbase:40 - Initialization completed-----------Now Trigerring Browser
2017-11-30 16:35:15 INFO  Testbase:50 - Browser launching
2017-11-30 16:35:19 INFO  Testbase:60 - URL opening
2017-11-30 16:35:36 INFO  Tc001_Loginwithrecords:20 - back from init
2017-11-30 16:35:37 INFO  Testbase:76 - Took Screenshot
2017-11-30 16:35:37 INFO  Testbase:78 - Thu Nov 30 16:35:15 IST 2017
2017-11-30 16:35:37 INFO  Testbase:80 - Screenshot saved
2017-11-30 16:35:37 INFO  Tc001_Loginwithrecords:34 - Entered1
2017-11-30 16:35:39 INFO  Tc001_Loginwithrecords:41 - Browser closed
2017-11-30 17:16:03 INFO  Testbase:43 - Initialization completed-----------Now Trigerring Browser
2017-11-30 17:16:03 INFO  Testbase:53 - Browser launching
2017-11-30 17:16:06 INFO  Testbase:63 - URL opening
2017-11-30 17:16:22 INFO  Tc001_Loginwithrecords:22 - back from init
2017-11-30 17:16:23 INFO  Testbase:79 - Took Screenshot
2017-11-30 17:16:23 INFO  Testbase:81 - Thu Nov 30 17:16:03 IST 2017
2017-11-30 17:16:23 INFO  Testbase:83 - Screenshot saved
2017-11-30 17:16:23 INFO  Tc001_Loginwithrecords:57 - Browser closed
2017-11-30 17:19:06 INFO  Testbase:43 - Initialization completed-----------Now Trigerring Browser
2017-11-30 17:19:06 INFO  Testbase:53 - Browser launching
2017-11-30 17:19:09 INFO  Testbase:63 - URL opening
2017-11-30 17:19:24 INFO  Tc001_Loginwithrecords:22 - back from init
2017-11-30 17:19:25 INFO  Testbase:79 - Took Screenshot
2017-11-30 17:19:25 INFO  Testbase:81 - Thu Nov 30 17:19:06 IST 2017
2017-11-30 17:19:25 INFO  Testbase:83 - Screenshot saved
2017-11-30 17:19:27 INFO  Tc001_Loginwithrecords:59 - Browser closed
2017-11-30 17:20:26 INFO  Testbase:43 - Initialization completed-----------Now Trigerring Browser
2017-11-30 17:20:26 INFO  Testbase:53 - Browser launching
2017-11-30 17:20:29 INFO  Testbase:63 - URL opening
2017-11-30 17:20:45 INFO  Tc001_Loginwithrecords:22 - back from init
2017-11-30 17:20:46 INFO  Testbase:79 - Took Screenshot
2017-11-30 17:20:46 INFO  Testbase:81 - Thu Nov 30 17:20:26 IST 2017
2017-11-30 17:20:46 INFO  Testbase:83 - Screenshot saved
2017-11-30 17:20:48 INFO  Tc001_Loginwithrecords:59 - Browser closed
2017-11-30 17:21:55 INFO  Testbase:43 - Initialization completed-----------Now Trigerring Browser
2017-11-30 17:21:55 INFO  Testbase:53 - Browser launching
2017-11-30 17:21:58 INFO  Testbase:63 - URL opening
2017-11-30 17:22:15 INFO  Tc001_Loginwithrecords:22 - back from init
2017-11-30 17:22:16 INFO  Testbase:79 - Took Screenshot
2017-11-30 17:22:16 INFO  Testbase:81 - Thu Nov 30 17:21:55 IST 2017
2017-11-30 17:22:16 INFO  Testbase:83 - Screenshot saved
2017-11-30 17:22:19 INFO  Tc001_Loginwithrecords:59 - Browser closed
2017-11-30 17:26:54 INFO  Testbase:44 - Initialization completed-----------Now Trigerring Browser
2017-11-30 17:26:54 INFO  Testbase:54 - Browser launching
2017-11-30 17:26:58 INFO  Testbase:64 - URL opening
2017-11-30 17:27:14 INFO  Tc001_Loginwithrecords:22 - back from init
2017-11-30 17:27:14 INFO  Testbase:80 - Took Screenshot
2017-11-30 17:27:14 INFO  Testbase:82 - Thu Nov 30 17:26:54 IST 2017
2017-11-30 17:27:14 INFO  Testbase:84 - Screenshot saved
2017-11-30 17:27:15 INFO  Testbase:98 - path of file found and set
2017-11-30 17:27:16 INFO  Tc001_Loginwithrecords:59 - Browser closed
2017-11-30 17:30:37 INFO  Testbase:44 - Initialization completed-----------Now Trigerring Browser
2017-11-30 17:30:37 INFO  Testbase:54 - Browser launching
2017-11-30 17:30:41 INFO  Testbase:64 - URL opening
2017-11-30 17:31:01 INFO  Tc001_Loginwithrecords:22 - back from init
2017-11-30 17:31:02 INFO  Testbase:80 - Took Screenshot
2017-11-30 17:31:02 INFO  Testbase:82 - Thu Nov 30 17:30:37 IST 2017
2017-11-30 17:31:02 INFO  Testbase:84 - Screenshot saved
2017-11-30 17:31:02 INFO  Testbase:98 - path of file found and set
2017-11-30 17:31:02 INFO  ExcelReader:46 - 3
2017-11-30 17:31:02 INFO  ExcelReader:47 - 3
2017-11-30 17:31:03 INFO  Tc001_Loginwithrecords:42 - Entered1
2017-11-30 17:31:03 INFO  Tc001_Loginwithrecords:42 - Entered1
2017-11-30 17:31:03 INFO  Tc001_Loginwithrecords:50 - C
2017-11-30 17:31:03 INFO  Tc001_Loginwithrecords:51 - D
2017-11-30 17:31:05 INFO  Tc001_Loginwithrecords:59 - Browser closed
2017-11-30 17:32:38 INFO  Testbase:44 - Initialization completed-----------Now Trigerring Browser
2017-11-30 17:32:38 INFO  Testbase:54 - Browser launching
2017-11-30 17:32:42 INFO  Testbase:64 - URL opening
2017-11-30 17:32:58 INFO  Tc001_Loginwithrecords:22 - back from init
2017-11-30 17:32:58 INFO  Testbase:80 - Took Screenshot
2017-11-30 17:32:58 INFO  Testbase:82 - Thu Nov 30 17:32:38 IST 2017
2017-11-30 17:32:58 INFO  Testbase:84 - Screenshot saved
2017-11-30 17:32:59 INFO  Testbase:98 - path of file found and set
2017-11-30 17:32:59 INFO  ExcelReader:46 - 3
2017-11-30 17:32:59 INFO  ExcelReader:47 - 3
2017-11-30 17:32:59 INFO  Tc001_Loginwithrecords:42 - Entered1
2017-11-30 17:32:59 INFO  Tc001_Loginwithrecords:42 - Entered1
2017-11-30 17:32:59 INFO  Tc001_Loginwithrecords:50 - C
2017-11-30 17:32:59 INFO  Tc001_Loginwithrecords:51 - D
2017-11-30 17:33:01 INFO  Tc001_Loginwithrecords:59 - Browser closed
2017-11-30 17:36:41 INFO  Testbase:44 - Initialization completed-----------Now Trigerring Browser
2017-11-30 17:36:41 INFO  Testbase:54 - Browser launching
2017-11-30 17:36:45 INFO  Testbase:64 - URL opening
2017-11-30 17:37:07 INFO  Tc001_Loginwithrecords:22 - back from init
2017-11-30 17:37:08 INFO  Testbase:80 - Took Screenshot
2017-11-30 17:37:08 INFO  Testbase:82 - Thu Nov 30 17:36:41 IST 2017
2017-11-30 17:37:08 INFO  Testbase:84 - Screenshot saved
2017-11-30 17:37:08 INFO  Testbase:98 - path of file found and set
2017-11-30 17:37:08 INFO  ExcelReader:46 - 7
2017-11-30 17:37:08 INFO  ExcelReader:47 - 3
2017-11-30 17:37:09 INFO  Tc001_Loginwithrecords:42 - Entered1
2017-11-30 17:37:09 INFO  Tc001_Loginwithrecords:42 - Entered1
2017-11-30 17:37:09 INFO  Tc001_Loginwithrecords:50 - C
2017-11-30 17:37:09 INFO  Tc001_Loginwithrecords:51 - D
2017-11-30 17:37:09 INFO  Tc001_Loginwithrecords:42 - Entered1
2017-11-30 17:37:09 INFO  Tc001_Loginwithrecords:50 - H
2017-11-30 17:37:09 INFO  Tc001_Loginwithrecords:51 - I
2017-11-30 17:37:09 INFO  Tc001_Loginwithrecords:42 - Entered1
2017-11-30 17:37:09 INFO  Tc001_Loginwithrecords:42 - Entered1
2017-11-30 17:37:09 INFO  Tc001_Loginwithrecords:50 - KKK
2017-11-30 17:37:09 INFO  Tc001_Loginwithrecords:51 - KKK
2017-11-30 17:37:09 INFO  Tc001_Loginwithrecords:42 - Entered1
2017-11-30 17:37:10 INFO  Tc001_Loginwithrecords:59 - Browser closed
2017-11-30 17:37:44 INFO  Testbase:44 - Initialization completed-----------Now Trigerring Browser
2017-11-30 17:37:44 INFO  Testbase:54 - Browser launching
2017-11-30 17:37:48 INFO  Testbase:64 - URL opening
2017-11-30 17:38:05 INFO  Tc001_Loginwithrecords:22 - back from init
2017-11-30 17:38:06 INFO  Testbase:80 - Took Screenshot
2017-11-30 17:38:06 INFO  Testbase:82 - Thu Nov 30 17:37:43 IST 2017
2017-11-30 17:38:06 INFO  Testbase:84 - Screenshot saved
2017-11-30 17:38:07 INFO  Testbase:98 - path of file found and set
2017-11-30 17:38:07 INFO  ExcelReader:46 - 7
2017-11-30 17:38:07 INFO  ExcelReader:47 - 3
2017-11-30 17:38:07 INFO  Tc001_Loginwithrecords:42 - Entered1
2017-11-30 17:38:07 INFO  Tc001_Loginwithrecords:42 - Entered1
2017-11-30 17:38:07 INFO  Tc001_Loginwithrecords:50 - 3.0
2017-11-30 17:38:07 INFO  Tc001_Loginwithrecords:51 - 4.0
2017-11-30 17:38:07 INFO  Tc001_Loginwithrecords:42 - Entered1
2017-11-30 17:38:07 INFO  Tc001_Loginwithrecords:50 - 5.0
2017-11-30 17:38:07 INFO  Tc001_Loginwithrecords:51 - 6.0
2017-11-30 17:38:07 INFO  Tc001_Loginwithrecords:42 - Entered1
2017-11-30 17:38:07 INFO  Tc001_Loginwithrecords:42 - Entered1
2017-11-30 17:38:07 INFO  Tc001_Loginwithrecords:50 - 9.0
2017-11-30 17:38:07 INFO  Tc001_Loginwithrecords:51 - 10.0
2017-11-30 17:38:07 INFO  Tc001_Loginwithrecords:42 - Entered1
2017-11-30 17:38:09 INFO  Tc001_Loginwithrecords:59 - Browser closed
2017-11-30 17:41:43 INFO  Testbase:105 - Initialization completed-----------Now Trigerring Browser
2017-11-30 17:41:43 INFO  Testbase:105 - Browser launching
2017-11-30 17:41:46 INFO  Testbase:105 - URL opening
2017-11-30 17:42:02 INFO  Testbase:105 - back from init
2017-11-30 17:42:03 INFO  Testbase:105 - Took Screenshot
2017-11-30 17:42:03 INFO  Testbase:105 - Screenshot saved
2017-11-30 17:42:04 INFO  Testbase:105 - path of file found and set
2017-11-30 17:42:04 INFO  Testbase:105 - Entered1
2017-11-30 17:42:04 INFO  Testbase:105 - Entered1
2017-11-30 17:42:04 INFO  Testbase:105 - 3.0
2017-11-30 17:42:04 INFO  Testbase:105 - 4.0
2017-11-30 17:42:04 INFO  Testbase:105 - Entered1
2017-11-30 17:42:04 INFO  Testbase:105 - 5.0
2017-11-30 17:42:04 INFO  Testbase:105 - 6.0
2017-11-30 17:42:04 INFO  Testbase:105 - Entered1
2017-11-30 17:42:04 INFO  Testbase:105 - Entered1
2017-11-30 17:42:04 INFO  Testbase:105 - 9.0
2017-11-30 17:42:04 INFO  Testbase:105 - 10.0
2017-11-30 17:42:04 INFO  Testbase:105 - Entered1
2017-11-30 17:42:05 INFO  Testbase:105 - Browser closed
2017-11-30 18:03:08 INFO  Testbase:105 - Initialization completed-----------Now Trigerring Browser
2017-11-30 18:03:08 INFO  Testbase:105 - Browser launching
2017-11-30 18:03:12 INFO  Testbase:105 - URL opening
2017-11-30 18:03:38 INFO  Testbase:105 - back from init
2017-11-30 18:03:38 INFO  Testbase:105 - Took Screenshot
2017-11-30 18:03:38 INFO  Testbase:105 - Screenshot saved
2017-11-30 18:03:39 INFO  Testbase:105 - path of file found and set
2017-11-30 18:03:39 INFO  Testbase:105 - Entered1
2017-11-30 18:03:39 INFO  Testbase:105 - Entered1
2017-11-30 18:03:39 INFO  Testbase:105 - 3.0
2017-11-30 18:03:39 INFO  Testbase:105 - 4.0
2017-11-30 18:03:39 INFO  Testbase:105 - Entered1
2017-11-30 18:03:39 INFO  Testbase:105 - 5.0
2017-11-30 18:03:39 INFO  Testbase:105 - 6.0
2017-11-30 18:03:39 INFO  Testbase:105 - Entered1
2017-11-30 18:03:39 INFO  Testbase:105 - Entered1
2017-11-30 18:03:39 INFO  Testbase:105 - 9.0
2017-11-30 18:03:39 INFO  Testbase:105 - 10.0
2017-11-30 18:03:39 INFO  Testbase:105 - Entered1
2017-11-30 18:03:40 INFO  Testbase:105 - Browser closed
2017-11-30 18:14:38 INFO  Testbase:109 - Initialization completed-----------Now Trigerring Browser
2017-11-30 18:14:38 INFO  Testbase:109 - Browser launching
2017-11-30 18:14:43 INFO  Testbase:109 - URL opening
2017-11-30 18:15:05 INFO  Testbase:109 - back from init
2017-11-30 18:15:05 INFO  Testbase:109 - Took Screenshot
2017-11-30 18:15:05 INFO  Testbase:109 - Screenshot saved
2017-11-30 18:15:07 INFO  Testbase:109 - path of file found and set
2017-11-30 18:15:07 INFO  Testbase:109 - Entered1
2017-11-30 18:15:07 INFO  Testbase:109 - Entered1
2017-11-30 18:15:07 INFO  Testbase:109 - 3.0
2017-11-30 18:15:07 INFO  Testbase:109 - 4.0
2017-11-30 18:15:07 INFO  Testbase:109 - Entered1
2017-11-30 18:15:07 INFO  Testbase:109 - 5.0
2017-11-30 18:15:07 INFO  Testbase:109 - 6.0
2017-11-30 18:15:07 INFO  Testbase:109 - Entered1
2017-11-30 18:15:07 INFO  Testbase:109 - Entered1
2017-11-30 18:15:07 INFO  Testbase:109 - 9.0
2017-11-30 18:15:07 INFO  Testbase:109 - 10.0
2017-11-30 18:15:07 INFO  Testbase:109 - Entered1
2017-11-30 18:15:09 INFO  Testbase:109 - Browser closed
2017-11-30 18:19:33 INFO  Testbase:109 - Initialization completed-----------Now Trigerring Browser
2017-11-30 18:19:33 INFO  Testbase:109 - Browser launching
2017-11-30 18:19:39 INFO  Testbase:109 - URL opening
2017-11-30 18:20:10 INFO  Testbase:109 - back from init
2017-11-30 18:20:11 INFO  Testbase:109 - Took Screenshot
2017-11-30 18:20:12 INFO  Testbase:109 - Screenshot saved
2017-11-30 18:20:13 INFO  Testbase:109 - path of file found and set
2017-11-30 18:20:13 INFO  Testbase:109 - Entered1
2017-11-30 18:20:13 INFO  Testbase:109 - Entered1
2017-11-30 18:20:13 INFO  Testbase:109 - 3.0
2017-11-30 18:20:13 INFO  Testbase:109 - 4.0
2017-11-30 18:20:13 INFO  Testbase:109 - Entered1
2017-11-30 18:20:13 INFO  Testbase:109 - 5.0
2017-11-30 18:20:13 INFO  Testbase:109 - 6.0
2017-11-30 18:20:13 INFO  Testbase:109 - Entered1
2017-11-30 18:20:13 INFO  Testbase:109 - Entered1
2017-11-30 18:20:13 INFO  Testbase:109 - 9.0
2017-11-30 18:20:13 INFO  Testbase:109 - 10.0
2017-11-30 18:20:13 INFO  Testbase:109 - Entered1
2017-11-30 18:20:54 INFO  Testbase:109 - Initialization completed-----------Now Trigerring Browser
2017-11-30 18:20:54 INFO  Testbase:109 - Browser launching
2017-11-30 18:20:58 INFO  Testbase:109 - URL opening
2017-11-30 18:21:13 INFO  Testbase:109 - back from init
2017-11-30 18:21:14 INFO  Testbase:109 - Took Screenshot
2017-11-30 18:21:14 INFO  Testbase:109 - Screenshot saved
2017-11-30 18:21:15 INFO  Testbase:109 - path of file found and set
2017-11-30 18:21:15 INFO  Testbase:109 - Entered1
2017-11-30 18:21:15 INFO  Testbase:109 - Entered1
2017-11-30 18:21:15 INFO  Testbase:109 - 3.0
2017-11-30 18:21:15 INFO  Testbase:109 - 4.0
2017-11-30 18:21:15 INFO  Testbase:109 - Entered1
2017-11-30 18:21:15 INFO  Testbase:109 - 5.0
2017-11-30 18:21:15 INFO  Testbase:109 - 6.0
2017-11-30 18:21:15 INFO  Testbase:109 - Entered1
2017-11-30 18:21:15 INFO  Testbase:109 - Entered1
2017-11-30 18:21:15 INFO  Testbase:109 - 9.0
2017-11-30 18:21:15 INFO  Testbase:109 - 10.0
2017-11-30 18:21:15 INFO  Testbase:109 - Entered1
2017-11-30 18:21:17 INFO  Testbase:109 - Browser closed
2017-11-30 18:23:26 INFO  Testbase:109 - Initialization completed-----------Now Trigerring Browser
2017-11-30 18:23:26 INFO  Testbase:109 - Browser launching
2017-11-30 18:23:30 INFO  Testbase:109 - URL opening
2017-11-30 18:23:49 INFO  Testbase:109 - back from init
2017-11-30 18:23:50 INFO  Testbase:109 - Took Screenshot
2017-11-30 18:23:50 INFO  Testbase:109 - Screenshot saved
2017-11-30 18:23:51 INFO  Testbase:109 - path of file found and set
2017-11-30 18:23:51 INFO  Testbase:109 - Entered1
2017-11-30 18:23:51 INFO  Testbase:109 - Entered1
2017-11-30 18:23:51 INFO  Testbase:109 - 3.0
2017-11-30 18:23:51 INFO  Testbase:109 - 4.0
2017-11-30 18:23:51 INFO  Testbase:109 - Entered1
2017-11-30 18:23:51 INFO  Testbase:109 - 5.0
2017-11-30 18:23:51 INFO  Testbase:109 - 6.0
2017-11-30 18:23:51 INFO  Testbase:109 - Entered1
2017-11-30 18:23:51 INFO  Testbase:109 - Entered1
2017-11-30 18:23:51 INFO  Testbase:109 - 9.0
2017-11-30 18:23:51 INFO  Testbase:109 - 10.0
2017-11-30 18:23:51 INFO  Testbase:109 - Entered1
2017-11-30 18:23:51 INFO  Testbase:109 - Browser closed
2017-11-30 18:26:05 INFO  Testbase:109 - Initialization completed-----------Now Trigerring Browser
2017-11-30 18:26:05 INFO  Testbase:109 - Browser launching
2017-11-30 18:26:19 INFO  Testbase:109 - URL opening
2017-11-30 18:26:35 INFO  Testbase:109 - back from init
2017-11-30 18:26:39 INFO  Testbase:109 - Took Screenshot
2017-11-30 18:26:39 INFO  Testbase:109 - Screenshot saved
2017-11-30 18:26:40 INFO  Testbase:109 - path of file found and set
2017-11-30 18:26:41 INFO  Listners:14 - Test started from listner
2017-11-30 18:26:41 INFO  Testbase:109 - Entered1
2017-11-30 18:26:41 INFO  Listners:33 - Skipped test log
2017-11-30 18:26:41 INFO  Listners:14 - Test started from listner
2017-11-30 18:26:41 INFO  Testbase:109 - Entered1
2017-11-30 18:26:41 INFO  Testbase:109 - 3.0
2017-11-30 18:26:41 INFO  Testbase:109 - 4.0
2017-11-30 18:26:41 INFO  Listners:20 - Test case passed and status is1
2017-11-30 18:26:41 INFO  Listners:14 - Test started from listner
2017-11-30 18:26:41 INFO  Testbase:109 - Entered1
2017-11-30 18:26:41 INFO  Testbase:109 - 5.0
2017-11-30 18:26:41 INFO  Testbase:109 - 6.0
2017-11-30 18:26:41 INFO  Listners:20 - Test case passed and status is1
2017-11-30 18:26:41 INFO  Listners:14 - Test started from listner
2017-11-30 18:26:41 INFO  Testbase:109 - Entered1
2017-11-30 18:26:41 INFO  Listners:33 - Skipped test log
2017-11-30 18:26:41 INFO  Listners:14 - Test started from listner
2017-11-30 18:26:41 INFO  Testbase:109 - Entered1
2017-11-30 18:26:41 INFO  Testbase:109 - 9.0
2017-11-30 18:26:41 INFO  Testbase:109 - 10.0
2017-11-30 18:26:41 INFO  Listners:20 - Test case passed and status is1
2017-11-30 18:26:41 INFO  Listners:14 - Test started from listner
2017-11-30 18:26:41 INFO  Testbase:109 - Entered1
2017-11-30 18:26:41 INFO  Listners:33 - Skipped test log
2017-11-30 18:26:41 INFO  Testbase:109 - Browser closed
2017-11-30 18:29:35 INFO  Testbase:109 - Initialization completed-----------Now Trigerring Browser
2017-11-30 18:29:35 INFO  Testbase:109 - Browser launching
2017-11-30 18:29:39 INFO  Testbase:109 - URL opening
2017-11-30 18:29:56 INFO  Testbase:109 - back from init
2017-11-30 18:29:57 INFO  Testbase:109 - Took Screenshot
2017-11-30 18:29:57 INFO  Testbase:109 - Screenshot saved
2017-11-30 18:29:58 INFO  Testbase:109 - path of file found and set
2017-11-30 18:29:58 INFO  Testbase:109 - Entered1
2017-11-30 18:29:58 INFO  Testbase:109 - Entered1
2017-11-30 18:29:58 INFO  Testbase:109 - 3.0
2017-11-30 18:29:58 INFO  Testbase:109 - 4.0
2017-11-30 18:29:58 INFO  Testbase:109 - Entered1
2017-11-30 18:29:58 INFO  Testbase:109 - 5.0
2017-11-30 18:29:58 INFO  Testbase:109 - 6.0
2017-11-30 18:29:58 INFO  Testbase:109 - Entered1
2017-11-30 18:29:58 INFO  Testbase:109 - Entered1
2017-11-30 18:29:58 INFO  Testbase:109 - 9.0
2017-11-30 18:29:58 INFO  Testbase:109 - 10.0
2017-11-30 18:29:58 INFO  Testbase:109 - Entered1
2017-11-30 18:30:01 INFO  Testbase:109 - Browser closed
2017-11-30 18:30:53 INFO  Testbase:109 - Initialization completed-----------Now Trigerring Browser
2017-11-30 18:30:53 INFO  Testbase:109 - Browser launching
2017-11-30 18:30:57 INFO  Testbase:109 - URL opening
2017-11-30 18:31:13 INFO  Testbase:109 - back from init
2017-11-30 18:31:14 INFO  Testbase:109 - Took Screenshot
2017-11-30 18:31:14 INFO  Testbase:109 - Screenshot saved
2017-11-30 18:31:15 INFO  Testbase:109 - path of file found and set
2017-11-30 18:31:15 INFO  Testbase:109 - Entered1
2017-11-30 18:31:15 INFO  Testbase:109 - Entered1
2017-11-30 18:31:15 INFO  Testbase:109 - 3.0
2017-11-30 18:31:15 INFO  Testbase:109 - 4.0
2017-11-30 18:31:15 INFO  Testbase:109 - Entered1
2017-11-30 18:31:15 INFO  Testbase:109 - 5.0
2017-11-30 18:31:15 INFO  Testbase:109 - 6.0
2017-11-30 18:31:15 INFO  Testbase:109 - Entered1
2017-11-30 18:31:15 INFO  Testbase:109 - Entered1
2017-11-30 18:31:15 INFO  Testbase:109 - 9.0
2017-11-30 18:31:15 INFO  Testbase:109 - 10.0
2017-11-30 18:31:15 INFO  Testbase:109 - Entered1
2017-11-30 18:31:16 INFO  Testbase:109 - Browser closed
2017-11-30 18:32:05 INFO  Testbase:109 - Initialization completed-----------Now Trigerring Browser
2017-11-30 18:32:05 INFO  Testbase:109 - Browser launching
2017-11-30 18:32:10 INFO  Testbase:109 - URL opening
2017-11-30 18:32:30 INFO  Testbase:109 - back from init
2017-11-30 18:32:30 INFO  Testbase:109 - Took Screenshot
2017-11-30 18:32:30 INFO  Testbase:109 - Screenshot saved
2017-11-30 18:32:31 INFO  Testbase:109 - path of file found and set
2017-11-30 18:32:31 INFO  Listners:14 - Test started from listner
2017-11-30 18:32:32 INFO  Testbase:109 - Entered1
2017-11-30 18:32:32 INFO  Listners:33 - Skipped test log
2017-11-30 18:32:32 INFO  Listners:14 - Test started from listner
2017-11-30 18:32:32 INFO  Testbase:109 - Entered1
2017-11-30 18:32:32 INFO  Testbase:109 - 3.0
2017-11-30 18:32:32 INFO  Testbase:109 - 4.0
2017-11-30 18:32:32 INFO  Listners:20 - Test case passed and status is1
2017-11-30 18:32:32 INFO  Listners:14 - Test started from listner
2017-11-30 18:32:32 INFO  Testbase:109 - Entered1
2017-11-30 18:32:32 INFO  Testbase:109 - 5.0
2017-11-30 18:32:32 INFO  Testbase:109 - 6.0
2017-11-30 18:32:32 INFO  Listners:20 - Test case passed and status is1
2017-11-30 18:32:32 INFO  Listners:14 - Test started from listner
2017-11-30 18:32:32 INFO  Testbase:109 - Entered1
2017-11-30 18:32:32 INFO  Listners:33 - Skipped test log
2017-11-30 18:32:32 INFO  Listners:14 - Test started from listner
2017-11-30 18:32:32 INFO  Testbase:109 - Entered1
2017-11-30 18:32:32 INFO  Testbase:109 - 9.0
2017-11-30 18:32:32 INFO  Testbase:109 - 10.0
2017-11-30 18:32:32 INFO  Listners:20 - Test case passed and status is1
2017-11-30 18:32:32 INFO  Listners:14 - Test started from listner
2017-11-30 18:32:32 INFO  Testbase:109 - Entered1
2017-11-30 18:32:32 INFO  Listners:33 - Skipped test log
2017-11-30 18:32:34 INFO  Testbase:109 - Browser closed
2017-11-30 18:35:05 INFO  Testbase:109 - Initialization completed-----------Now Trigerring Browser
2017-11-30 18:35:05 INFO  Testbase:109 - Browser launching
2017-11-30 18:35:13 INFO  Testbase:109 - URL opening
2017-11-30 18:35:42 INFO  Testbase:109 - back from init
2017-11-30 18:35:43 INFO  Testbase:109 - Took Screenshot
2017-11-30 18:35:43 INFO  Testbase:109 - Screenshot saved
2017-11-30 18:35:43 INFO  Testbase:109 - path of file found and set
2017-11-30 18:35:44 INFO  Listners:14 - Test started from listner
2017-11-30 18:35:44 INFO  Testbase:109 - Entered1
2017-11-30 18:35:44 INFO  Listners:33 - Skipped test log
2017-11-30 18:35:44 INFO  Listners:14 - Test started from listner
2017-11-30 18:35:44 INFO  Testbase:109 - Entered1
2017-11-30 18:35:44 INFO  Testbase:109 - 3.0
2017-11-30 18:35:44 INFO  Testbase:109 - 4.0
2017-11-30 18:35:44 INFO  Listners:20 - Test case passed and status is1
2017-11-30 18:35:44 INFO  Listners:14 - Test started from listner
2017-11-30 18:35:44 INFO  Testbase:109 - Entered1
2017-11-30 18:35:44 INFO  Testbase:109 - 5.0
2017-11-30 18:35:44 INFO  Testbase:109 - 6.0
2017-11-30 18:35:44 INFO  Listners:20 - Test case passed and status is1
2017-11-30 18:35:44 INFO  Listners:14 - Test started from listner
2017-11-30 18:35:44 INFO  Testbase:109 - Entered1
2017-11-30 18:35:44 INFO  Listners:33 - Skipped test log
2017-11-30 18:35:44 INFO  Listners:14 - Test started from listner
2017-11-30 18:35:44 INFO  Testbase:109 - Entered1
2017-11-30 18:35:44 INFO  Testbase:109 - 9.0
2017-11-30 18:35:44 INFO  Testbase:109 - 10.0
2017-11-30 18:35:44 INFO  Listners:20 - Test case passed and status is1
2017-11-30 18:35:44 INFO  Listners:14 - Test started from listner
2017-11-30 18:35:44 INFO  Testbase:109 - Entered1
2017-11-30 18:35:44 INFO  Listners:33 - Skipped test log
2017-11-30 18:35:47 INFO  Testbase:109 - Browser closed
2017-11-30 19:36:16 INFO  Testbase:109 - Initialization completed-----------Now Trigerring Browser
2017-11-30 19:36:16 INFO  Testbase:109 - Browser launching
2017-11-30 19:36:20 INFO  Testbase:109 - URL opening
2017-11-30 19:36:35 INFO  Testbase:109 - back from init
2017-11-30 19:36:36 INFO  Testbase:109 - Took Screenshot
2017-11-30 19:36:36 INFO  Testbase:109 - Screenshot saved
2017-11-30 19:36:37 INFO  Testbase:109 - path of file found and set
2017-11-30 19:36:37 INFO  Testbase:109 - Entered1
2017-11-30 19:36:37 INFO  Testbase:109 - Entered1
2017-11-30 19:36:37 INFO  Testbase:109 - 3.0
2017-11-30 19:36:37 INFO  Testbase:109 - 4.0
2017-11-30 19:36:37 INFO  Testbase:109 - Entered1
2017-11-30 19:36:37 INFO  Testbase:109 - 5.0
2017-11-30 19:36:37 INFO  Testbase:109 - 6.0
2017-11-30 19:36:37 INFO  Testbase:109 - Entered1
2017-11-30 19:36:37 INFO  Testbase:109 - Entered1
2017-11-30 19:36:37 INFO  Testbase:109 - 9.0
2017-11-30 19:36:37 INFO  Testbase:109 - 10.0
2017-11-30 19:36:37 INFO  Testbase:109 - Entered1
2017-11-30 19:36:39 INFO  Testbase:109 - Browser closed
2017-11-30 19:38:57 INFO  Testbase:109 - Initialization completed-----------Now Trigerring Browser
2017-11-30 19:38:57 INFO  Testbase:109 - Browser launching
2017-11-30 19:39:01 INFO  Testbase:109 - URL opening
2017-11-30 19:39:10 INFO  Testbase:109 - back from init
2017-11-30 19:39:11 INFO  Testbase:109 - path of file found and set
2017-11-30 19:39:35 INFO  Testbase:109 - Initialization completed-----------Now Trigerring Browser
2017-11-30 19:39:35 INFO  Testbase:109 - Browser launching
2017-11-30 19:39:39 INFO  Testbase:109 - URL opening
2017-11-30 19:39:56 INFO  Testbase:109 - back from init
2017-11-30 19:39:56 INFO  Testbase:109 - Took Screenshot
2017-11-30 19:39:57 INFO  Testbase:109 - Screenshot saved
2017-11-30 19:39:57 INFO  Testbase:109 - path of file found and set
2017-11-30 19:39:57 INFO  Testbase:109 - Entered1
2017-11-30 19:39:58 INFO  Testbase:109 - Entered1
2017-11-30 19:39:58 INFO  Testbase:109 - 3.0
2017-11-30 19:39:58 INFO  Testbase:109 - 4.0
2017-11-30 19:39:58 INFO  Testbase:109 - Entered1
2017-11-30 19:39:58 INFO  Testbase:109 - 5.0
2017-11-30 19:39:58 INFO  Testbase:109 - 6.0
2017-11-30 19:39:58 INFO  Testbase:109 - Entered1
2017-11-30 19:39:58 INFO  Testbase:109 - Entered1
2017-11-30 19:39:58 INFO  Testbase:109 - 9.0
2017-11-30 19:39:58 INFO  Testbase:109 - 10.0
2017-11-30 19:39:58 INFO  Testbase:109 - Entered1
2017-11-30 19:39:58 INFO  Testbase:109 - Browser closed
2017-11-30 19:44:37 INFO  Testbase:109 - Initialization completed-----------Now Trigerring Browser
2017-11-30 19:44:37 INFO  Testbase:109 - Browser launching
2017-11-30 19:44:42 INFO  Testbase:109 - URL opening
2017-11-30 19:44:59 INFO  Testbase:109 - back from init
2017-11-30 19:45:00 INFO  Testbase:109 - Took Screenshot
2017-11-30 19:45:00 INFO  Testbase:109 - Screenshot saved
2017-11-30 19:45:01 INFO  Testbase:109 - path of file found and set
2017-11-30 19:45:01 INFO  Testbase:109 - Entered1
2017-11-30 19:45:01 INFO  Testbase:109 - Entered1
2017-11-30 19:45:01 INFO  Testbase:109 - 3.0
2017-11-30 19:45:01 INFO  Testbase:109 - 4.0
2017-11-30 19:45:01 INFO  Testbase:109 - Entered1
2017-11-30 19:45:01 INFO  Testbase:109 - 5.0
2017-11-30 19:45:01 INFO  Testbase:109 - 6.0
2017-11-30 19:45:01 INFO  Testbase:109 - Entered1
2017-11-30 19:45:01 INFO  Testbase:109 - Entered1
2017-11-30 19:45:01 INFO  Testbase:109 - 9.0
2017-11-30 19:45:01 INFO  Testbase:109 - 10.0
2017-11-30 19:45:01 INFO  Testbase:109 - Entered1
2017-11-30 19:45:03 INFO  Testbase:109 - Browser closed
2017-11-30 19:48:19 INFO  Testbase:109 - Initialization completed-----------Now Trigerring Browser
2017-11-30 19:48:19 INFO  Testbase:109 - Browser launching
2017-11-30 19:48:23 INFO  Testbase:109 - URL opening
2017-11-30 19:49:12 INFO  Testbase:109 - back from init
2017-11-30 19:49:13 INFO  Testbase:109 - Took Screenshot
2017-11-30 19:49:13 INFO  Testbase:109 - Screenshot saved
2017-11-30 19:49:14 INFO  Testbase:109 - path of file found and set
2017-11-30 19:49:14 INFO  Testbase:109 - Entered1
2017-11-30 19:49:14 INFO  Testbase:109 - Entered1
2017-11-30 19:49:14 INFO  Testbase:109 - 3.0
2017-11-30 19:49:14 INFO  Testbase:109 - 4.0
2017-11-30 19:49:14 INFO  Testbase:109 - Entered1
2017-11-30 19:49:14 INFO  Testbase:109 - 5.0
2017-11-30 19:49:14 INFO  Testbase:109 - 6.0
2017-11-30 19:49:14 INFO  Testbase:109 - Entered1
2017-11-30 19:49:14 INFO  Testbase:109 - Entered1
2017-11-30 19:49:14 INFO  Testbase:109 - 9.0
2017-11-30 19:49:14 INFO  Testbase:109 - 10.0
2017-11-30 19:49:14 INFO  Testbase:109 - Entered1
2017-11-30 19:49:14 INFO  Testbase:109 - Browser closed
2017-12-01 12:22:33 INFO  Testbase:109 - Initialization completed-----------Now Trigerring Browser
2017-12-01 12:22:33 INFO  Testbase:109 - Browser launching
2017-12-01 12:22:54 INFO  Testbase:109 - path of file found and set
2017-12-01 12:22:54 INFO  Listners:14 - Test started from listner
2017-12-01 12:22:54 INFO  Listners:14 - Test started from listner
2017-12-01 12:22:54 INFO  Listners:33 - Skipped test log
2017-12-01 12:22:54 INFO  Listners:33 - Skipped test log
2017-12-01 12:22:54 INFO  Listners:14 - Test started from listner
2017-12-01 12:22:54 INFO  Listners:14 - Test started from listner
2017-12-01 12:22:54 INFO  Listners:33 - Skipped test log
2017-12-01 12:22:54 INFO  Listners:33 - Skipped test log
2017-12-01 12:22:54 INFO  Listners:14 - Test started from listner
2017-12-01 12:22:54 INFO  Listners:14 - Test started from listner
2017-12-01 12:22:54 INFO  Listners:33 - Skipped test log
2017-12-01 12:22:54 INFO  Listners:33 - Skipped test log
2017-12-01 12:22:54 INFO  Listners:14 - Test started from listner
2017-12-01 12:22:54 INFO  Listners:14 - Test started from listner
2017-12-01 12:22:54 INFO  Listners:33 - Skipped test log
2017-12-01 12:22:54 INFO  Listners:33 - Skipped test log
2017-12-01 12:22:54 INFO  Listners:14 - Test started from listner
2017-12-01 12:22:54 INFO  Listners:14 - Test started from listner
2017-12-01 12:22:54 INFO  Listners:33 - Skipped test log
2017-12-01 12:22:54 INFO  Listners:33 - Skipped test log
2017-12-01 12:22:54 INFO  Listners:14 - Test started from listner
2017-12-01 12:22:54 INFO  Listners:14 - Test started from listner
2017-12-01 12:22:54 INFO  Listners:33 - Skipped test log
2017-12-01 12:22:54 INFO  Listners:33 - Skipped test log
2017-12-01 12:23:41 INFO  Testbase:109 - Initialization completed-----------Now Trigerring Browser
2017-12-01 12:23:41 INFO  Testbase:109 - Browser launching
2017-12-01 12:23:48 INFO  Testbase:109 - URL opening
2017-12-01 12:24:08 INFO  Testbase:109 - back from init
2017-12-01 12:24:09 INFO  Testbase:109 - Took Screenshot
2017-12-01 12:24:10 INFO  Testbase:109 - Screenshot saved
2017-12-01 12:24:11 INFO  Testbase:109 - path of file found and set
2017-12-01 12:24:11 INFO  Listners:14 - Test started from listner
2017-12-01 12:24:11 INFO  Listners:14 - Test started from listner
2017-12-01 12:24:11 INFO  Testbase:109 - Entered1
2017-12-01 12:24:11 INFO  Listners:33 - Skipped test log
2017-12-01 12:24:11 INFO  Listners:33 - Skipped test log
2017-12-01 12:24:11 INFO  Listners:14 - Test started from listner
2017-12-01 12:24:11 INFO  Listners:14 - Test started from listner
2017-12-01 12:24:11 INFO  Testbase:109 - Entered1
2017-12-01 12:24:11 INFO  Testbase:109 - 3.0
2017-12-01 12:24:11 INFO  Testbase:109 - 4.0
2017-12-01 12:24:11 INFO  Listners:20 - Test case passed and status is1
2017-12-01 12:24:11 INFO  Listners:20 - Test case passed and status is1
2017-12-01 12:24:11 INFO  Listners:14 - Test started from listner
2017-12-01 12:24:11 INFO  Listners:14 - Test started from listner
2017-12-01 12:24:11 INFO  Testbase:109 - Entered1
2017-12-01 12:24:11 INFO  Testbase:109 - 5.0
2017-12-01 12:24:11 INFO  Testbase:109 - 6.0
2017-12-01 12:24:11 INFO  Listners:20 - Test case passed and status is1
2017-12-01 12:24:11 INFO  Listners:20 - Test case passed and status is1
2017-12-01 12:24:11 INFO  Listners:14 - Test started from listner
2017-12-01 12:24:11 INFO  Listners:14 - Test started from listner
2017-12-01 12:24:11 INFO  Testbase:109 - Entered1
2017-12-01 12:24:11 INFO  Listners:33 - Skipped test log
2017-12-01 12:24:11 INFO  Listners:33 - Skipped test log
2017-12-01 12:24:11 INFO  Listners:14 - Test started from listner
2017-12-01 12:24:11 INFO  Listners:14 - Test started from listner
2017-12-01 12:24:11 INFO  Testbase:109 - Entered1
2017-12-01 12:24:11 INFO  Testbase:109 - 9.0
2017-12-01 12:24:11 INFO  Testbase:109 - 10.0
2017-12-01 12:24:11 INFO  Listners:20 - Test case passed and status is1
2017-12-01 12:24:11 INFO  Listners:20 - Test case passed and status is1
2017-12-01 12:24:11 INFO  Listners:14 - Test started from listner
2017-12-01 12:24:11 INFO  Listners:14 - Test started from listner
2017-12-01 12:24:11 INFO  Testbase:109 - Entered1
2017-12-01 12:24:11 INFO  Listners:33 - Skipped test log
2017-12-01 12:24:11 INFO  Listners:33 - Skipped test log
2017-12-01 12:24:12 INFO  Testbase:109 - Browser closed
2017-12-01 18:18:54 INFO  Testbase:109 - Initialization completed-----------Now Trigerring Browser
2017-12-01 18:18:54 INFO  Testbase:109 - Browser launching
2017-12-01 18:19:19 INFO  Testbase:109 - URL opening
2017-12-01 18:20:10 INFO  Testbase:109 - back from init
2017-12-01 18:20:15 INFO  Testbase:109 - path of file found and set
2017-12-01 18:20:15 INFO  Listners:14 - Test started from listner
2017-12-01 18:20:15 INFO  Listners:14 - Test started from listner
2017-12-01 18:20:15 INFO  Testbase:109 - Entered1
2017-12-01 18:20:15 INFO  Testbase:109 - ENvronment from jenkinsSIT
2017-12-01 18:20:15 INFO  Testbase:109 - Url from jenkinshttps://www.google.com
2017-12-01 18:20:15 INFO  Listners:33 - Skipped test log
2017-12-01 18:20:15 INFO  Listners:33 - Skipped test log
2017-12-01 18:20:15 INFO  Listners:14 - Test started from listner
2017-12-01 18:20:15 INFO  Listners:14 - Test started from listner
2017-12-01 18:20:15 INFO  Testbase:109 - Entered1
2017-12-01 18:20:15 INFO  Testbase:109 - ENvronment from jenkinsSIT
2017-12-01 18:20:15 INFO  Testbase:109 - Url from jenkinshttps://www.google.com
2017-12-01 18:20:15 INFO  Testbase:109 - 3.0
2017-12-01 18:20:15 INFO  Testbase:109 - 4.0
2017-12-01 18:20:15 INFO  Listners:20 - Test case passed and status is1
2017-12-01 18:20:15 INFO  Listners:20 - Test case passed and status is1
2017-12-01 18:20:15 INFO  Listners:14 - Test started from listner
2017-12-01 18:20:15 INFO  Listners:14 - Test started from listner
2017-12-01 18:20:15 INFO  Testbase:109 - Entered1
2017-12-01 18:20:15 INFO  Testbase:109 - ENvronment from jenkinsSIT
2017-12-01 18:20:15 INFO  Testbase:109 - Url from jenkinshttps://www.google.com
2017-12-01 18:20:15 INFO  Testbase:109 - 5.0
2017-12-01 18:20:15 INFO  Testbase:109 - 6.0
2017-12-01 18:20:15 INFO  Listners:20 - Test case passed and status is1
2017-12-01 18:20:15 INFO  Listners:20 - Test case passed and status is1
2017-12-01 18:20:15 INFO  Listners:14 - Test started from listner
2017-12-01 18:20:15 INFO  Listners:14 - Test started from listner
2017-12-01 18:20:15 INFO  Testbase:109 - Entered1
2017-12-01 18:20:15 INFO  Testbase:109 - ENvronment from jenkinsSIT
2017-12-01 18:20:15 INFO  Testbase:109 - Url from jenkinshttps://www.google.com
2017-12-01 18:20:15 INFO  Listners:33 - Skipped test log
2017-12-01 18:20:15 INFO  Listners:33 - Skipped test log
2017-12-01 18:20:15 INFO  Listners:14 - Test started from listner
2017-12-01 18:20:15 INFO  Listners:14 - Test started from listner
2017-12-01 18:20:15 INFO  Testbase:109 - Entered1
2017-12-01 18:20:15 INFO  Testbase:109 - ENvronment from jenkinsSIT
2017-12-01 18:20:15 INFO  Testbase:109 - Url from jenkinshttps://www.google.com
2017-12-01 18:20:15 INFO  Testbase:109 - 9.0
2017-12-01 18:20:15 INFO  Testbase:109 - 10.0
2017-12-01 18:20:15 INFO  Listners:20 - Test case passed and status is1
2017-12-01 18:20:15 INFO  Listners:20 - Test case passed and status is1
2017-12-01 18:20:15 INFO  Listners:14 - Test started from listner
2017-12-01 18:20:15 INFO  Listners:14 - Test started from listner
2017-12-01 18:20:15 INFO  Testbase:109 - Entered1
2017-12-01 18:20:15 INFO  Testbase:109 - ENvronment from jenkinsSIT
2017-12-01 18:20:15 INFO  Testbase:109 - Url from jenkinshttps://www.google.com
2017-12-01 18:20:15 INFO  Listners:33 - Skipped test log
2017-12-01 18:20:15 INFO  Listners:33 - Skipped test log
2017-12-01 18:20:18 INFO  Testbase:109 - Browser closed
2017-12-01 18:23:12 INFO  Testbase:109 - Initialization completed-----------Now Trigerring Browser
2017-12-01 18:23:12 INFO  Testbase:109 - Browser launching
2017-12-01 18:23:16 INFO  Testbase:109 - URL opening
2017-12-01 18:23:50 INFO  Testbase:109 - back from init
2017-12-01 18:23:51 INFO  Testbase:109 - path of file found and set
2017-12-01 18:23:51 INFO  Listners:14 - Test started from listner
2017-12-01 18:23:51 INFO  Listners:14 - Test started from listner
2017-12-01 18:23:51 INFO  Testbase:109 - Entered1
2017-12-01 18:23:51 INFO  Testbase:109 - ENvronment from jenkinsProd
2017-12-01 18:23:51 INFO  Testbase:109 - Url from jenkinshttps://www.google.com
2017-12-01 18:23:51 INFO  Listners:33 - Skipped test log
2017-12-01 18:23:51 INFO  Listners:33 - Skipped test log
2017-12-01 18:23:51 INFO  Listners:14 - Test started from listner
2017-12-01 18:23:51 INFO  Listners:14 - Test started from listner
2017-12-01 18:23:51 INFO  Testbase:109 - Entered1
2017-12-01 18:23:51 INFO  Testbase:109 - ENvronment from jenkinsProd
2017-12-01 18:23:51 INFO  Testbase:109 - Url from jenkinshttps://www.google.com
2017-12-01 18:23:51 INFO  Testbase:109 - 3.0
2017-12-01 18:23:51 INFO  Testbase:109 - 4.0
2017-12-01 18:23:51 INFO  Listners:20 - Test case passed and status is1
2017-12-01 18:23:51 INFO  Listners:20 - Test case passed and status is1
2017-12-01 18:23:51 INFO  Listners:14 - Test started from listner
2017-12-01 18:23:51 INFO  Listners:14 - Test started from listner
2017-12-01 18:23:51 INFO  Testbase:109 - Entered1
2017-12-01 18:23:51 INFO  Testbase:109 - ENvronment from jenkinsProd
2017-12-01 18:23:51 INFO  Testbase:109 - Url from jenkinshttps://www.google.com
2017-12-01 18:23:51 INFO  Testbase:109 - 5.0
2017-12-01 18:23:51 INFO  Testbase:109 - 6.0
2017-12-01 18:23:51 INFO  Listners:20 - Test case passed and status is1
2017-12-01 18:23:51 INFO  Listners:20 - Test case passed and status is1
2017-12-01 18:23:51 INFO  Listners:14 - Test started from listner
2017-12-01 18:23:51 INFO  Listners:14 - Test started from listner
2017-12-01 18:23:51 INFO  Testbase:109 - Entered1
2017-12-01 18:23:51 INFO  Testbase:109 - ENvronment from jenkinsProd
2017-12-01 18:23:51 INFO  Testbase:109 - Url from jenkinshttps://www.google.com
2017-12-01 18:23:51 INFO  Listners:33 - Skipped test log
2017-12-01 18:23:51 INFO  Listners:33 - Skipped test log
2017-12-01 18:23:51 INFO  Listners:14 - Test started from listner
2017-12-01 18:23:51 INFO  Listners:14 - Test started from listner
2017-12-01 18:23:51 INFO  Testbase:109 - Entered1
2017-12-01 18:23:51 INFO  Testbase:109 - ENvronment from jenkinsProd
2017-12-01 18:23:51 INFO  Testbase:109 - Url from jenkinshttps://www.google.com
2017-12-01 18:23:51 INFO  Testbase:109 - 9.0
2017-12-01 18:23:51 INFO  Testbase:109 - 10.0
2017-12-01 18:23:51 INFO  Listners:20 - Test case passed and status is1
2017-12-01 18:23:51 INFO  Listners:20 - Test case passed and status is1
2017-12-01 18:23:51 INFO  Listners:14 - Test started from listner
2017-12-01 18:23:51 INFO  Listners:14 - Test started from listner
2017-12-01 18:23:51 INFO  Testbase:109 - Entered1
2017-12-01 18:23:51 INFO  Testbase:109 - ENvronment from jenkinsProd
2017-12-01 18:23:51 INFO  Testbase:109 - Url from jenkinshttps://www.google.com
2017-12-01 18:23:51 INFO  Listners:33 - Skipped test log
2017-12-01 18:23:51 INFO  Listners:33 - Skipped test log
2017-12-01 18:23:53 INFO  Testbase:109 - Browser closed
2017-12-01 18:45:56 INFO  Testbase:109 - Initialization completed-----------Now Trigerring Browser
2017-12-01 18:45:56 INFO  Testbase:109 - Browser launching
2017-12-01 18:46:19 INFO  Testbase:109 - URL opening
2017-12-01 18:46:41 INFO  Testbase:109 - back from init
2017-12-01 18:46:55 INFO  Testbase:109 - path of file found and set
2017-12-01 18:46:55 INFO  Listners:14 - Test started from listner
2017-12-01 18:46:55 INFO  Listners:14 - Test started from listner
2017-12-01 18:46:55 INFO  Testbase:109 - Entered1
2017-12-01 18:46:55 INFO  Testbase:109 - ENvronment from jenkinsSIT
2017-12-01 18:46:55 INFO  Testbase:109 - Url from jenkinshttps://www.google.com
2017-12-01 18:46:55 INFO  Listners:33 - Skipped test log
2017-12-01 18:46:55 INFO  Listners:33 - Skipped test log
2017-12-01 18:46:55 INFO  Listners:14 - Test started from listner
2017-12-01 18:46:55 INFO  Listners:14 - Test started from listner
2017-12-01 18:46:55 INFO  Testbase:109 - Entered1
2017-12-01 18:46:55 INFO  Testbase:109 - ENvronment from jenkinsSIT
2017-12-01 18:46:55 INFO  Testbase:109 - Url from jenkinshttps://www.google.com
2017-12-01 18:46:55 INFO  Testbase:109 - 3.0
2017-12-01 18:46:55 INFO  Testbase:109 - 4.0
2017-12-01 18:46:55 INFO  Listners:20 - Test case passed and status is1
2017-12-01 18:46:55 INFO  Listners:20 - Test case passed and status is1
2017-12-01 18:46:55 INFO  Listners:14 - Test started from listner
2017-12-01 18:46:55 INFO  Listners:14 - Test started from listner
2017-12-01 18:46:55 INFO  Testbase:109 - Entered1
2017-12-01 18:46:55 INFO  Testbase:109 - ENvronment from jenkinsSIT
2017-12-01 18:46:55 INFO  Testbase:109 - Url from jenkinshttps://www.google.com
2017-12-01 18:46:55 INFO  Testbase:109 - 5.0
2017-12-01 18:46:55 INFO  Testbase:109 - 6.0
2017-12-01 18:46:55 INFO  Listners:20 - Test case passed and status is1
2017-12-01 18:46:55 INFO  Listners:20 - Test case passed and status is1
2017-12-01 18:46:55 INFO  Listners:14 - Test started from listner
2017-12-01 18:46:55 INFO  Listners:14 - Test started from listner
2017-12-01 18:46:55 INFO  Testbase:109 - Entered1
2017-12-01 18:46:55 INFO  Testbase:109 - ENvronment from jenkinsSIT
2017-12-01 18:46:55 INFO  Testbase:109 - Url from jenkinshttps://www.google.com
2017-12-01 18:46:55 INFO  Listners:33 - Skipped test log
2017-12-01 18:46:55 INFO  Listners:33 - Skipped test log
2017-12-01 18:46:55 INFO  Listners:14 - Test started from listner
2017-12-01 18:46:55 INFO  Listners:14 - Test started from listner
2017-12-01 18:46:55 INFO  Testbase:109 - Entered1
2017-12-01 18:46:55 INFO  Testbase:109 - ENvronment from jenkinsSIT
2017-12-01 18:46:55 INFO  Testbase:109 - Url from jenkinshttps://www.google.com
2017-12-01 18:46:55 INFO  Testbase:109 - 9.0
2017-12-01 18:46:55 INFO  Testbase:109 - 10.0
2017-12-01 18:46:55 INFO  Listners:20 - Test case passed and status is1
2017-12-01 18:46:55 INFO  Listners:20 - Test case passed and status is1
2017-12-01 18:46:55 INFO  Listners:14 - Test started from listner
2017-12-01 18:46:55 INFO  Listners:14 - Test started from listner
2017-12-01 18:46:55 INFO  Testbase:109 - Entered1
2017-12-01 18:46:55 INFO  Testbase:109 - ENvronment from jenkinsSIT
2017-12-01 18:46:55 INFO  Testbase:109 - Url from jenkinshttps://www.google.com
2017-12-01 18:46:55 INFO  Listners:33 - Skipped test log
2017-12-01 18:46:55 INFO  Listners:33 - Skipped test log
2017-12-01 18:46:56 INFO  Testbase:109 - Browser closed
2017-12-01 18:47:26 INFO  Testbase:109 - Initialization completed-----------Now Trigerring Browser
2017-12-01 18:47:26 INFO  Testbase:109 - Browser launching
2017-12-01 18:47:30 INFO  Testbase:109 - URL opening
2017-12-01 18:47:35 INFO  Testbase:109 - back from init
2017-12-01 18:47:36 INFO  Testbase:109 - path of file found and set
2017-12-01 18:47:36 INFO  Listners:14 - Test started from listner
2017-12-01 18:47:36 INFO  Listners:14 - Test started from listner
2017-12-01 18:47:36 INFO  Testbase:109 - Entered1
2017-12-01 18:47:36 INFO  Testbase:109 - ENvronment from jenkinsSIT
2017-12-01 18:47:36 INFO  Testbase:109 - Url from jenkinshttps://www.google.com
2017-12-01 18:47:36 INFO  Listners:33 - Skipped test log
2017-12-01 18:47:36 INFO  Listners:33 - Skipped test log
2017-12-01 18:47:36 INFO  Listners:14 - Test started from listner
2017-12-01 18:47:36 INFO  Listners:14 - Test started from listner
2017-12-01 18:47:36 INFO  Testbase:109 - Entered1
2017-12-01 18:47:36 INFO  Testbase:109 - ENvronment from jenkinsSIT
2017-12-01 18:47:36 INFO  Testbase:109 - Url from jenkinshttps://www.google.com
2017-12-01 18:47:36 INFO  Testbase:109 - 3.0
2017-12-01 18:47:36 INFO  Testbase:109 - 4.0
2017-12-01 18:47:36 INFO  Listners:20 - Test case passed and status is1
2017-12-01 18:47:36 INFO  Listners:20 - Test case passed and status is1
2017-12-01 18:47:36 INFO  Listners:14 - Test started from listner
2017-12-01 18:47:36 INFO  Listners:14 - Test started from listner
2017-12-01 18:47:36 INFO  Testbase:109 - Entered1
2017-12-01 18:47:36 INFO  Testbase:109 - ENvronment from jenkinsSIT
2017-12-01 18:47:36 INFO  Testbase:109 - Url from jenkinshttps://www.google.com
2017-12-01 18:47:36 INFO  Testbase:109 - 5.0
2017-12-01 18:47:36 INFO  Testbase:109 - 6.0
2017-12-01 18:47:36 INFO  Listners:20 - Test case passed and status is1
2017-12-01 18:47:36 INFO  Listners:20 - Test case passed and status is1
2017-12-01 18:47:36 INFO  Listners:14 - Test started from listner
2017-12-01 18:47:36 INFO  Listners:14 - Test started from listner
2017-12-01 18:47:36 INFO  Testbase:109 - Entered1
2017-12-01 18:47:36 INFO  Testbase:109 - ENvronment from jenkinsSIT
2017-12-01 18:47:36 INFO  Testbase:109 - Url from jenkinshttps://www.google.com
2017-12-01 18:47:36 INFO  Listners:33 - Skipped test log
2017-12-01 18:47:36 INFO  Listners:33 - Skipped test log
2017-12-01 18:47:36 INFO  Listners:14 - Test started from listner
2017-12-01 18:47:36 INFO  Listners:14 - Test started from listner
2017-12-01 18:47:36 INFO  Testbase:109 - Entered1
2017-12-01 18:47:36 INFO  Testbase:109 - ENvronment from jenkinsSIT
2017-12-01 18:47:36 INFO  Testbase:109 - Url from jenkinshttps://www.google.com
2017-12-01 18:47:36 INFO  Testbase:109 - 9.0
2017-12-01 18:47:36 INFO  Testbase:109 - 10.0
2017-12-01 18:47:36 INFO  Listners:20 - Test case passed and status is1
2017-12-01 18:47:36 INFO  Listners:20 - Test case passed and status is1
2017-12-01 18:47:36 INFO  Listners:14 - Test started from listner
2017-12-01 18:47:36 INFO  Listners:14 - Test started from listner
2017-12-01 18:47:36 INFO  Testbase:109 - Entered1
2017-12-01 18:47:36 INFO  Testbase:109 - ENvronment from jenkinsSIT
2017-12-01 18:47:36 INFO  Testbase:109 - Url from jenkinshttps://www.google.com
2017-12-01 18:47:36 INFO  Listners:33 - Skipped test log
2017-12-01 18:47:36 INFO  Listners:33 - Skipped test log
2017-12-01 18:49:12 INFO  Testbase:109 - Initialization completed-----------Now Trigerring Browser
2017-12-01 18:49:12 INFO  Testbase:109 - Browser launching
2017-12-01 18:49:18 INFO  Testbase:109 - path of file found and set
2017-12-01 18:49:18 INFO  Listners:14 - Test started from listner
2017-12-01 18:49:18 INFO  Listners:14 - Test started from listner
2017-12-01 18:49:18 INFO  Listners:33 - Skipped test log
2017-12-01 18:49:18 INFO  Listners:33 - Skipped test log
2017-12-01 18:49:18 INFO  Listners:14 - Test started from listner
2017-12-01 18:49:18 INFO  Listners:14 - Test started from listner
2017-12-01 18:49:18 INFO  Listners:33 - Skipped test log
2017-12-01 18:49:18 INFO  Listners:33 - Skipped test log
2017-12-01 18:49:18 INFO  Listners:14 - Test started from listner
2017-12-01 18:49:18 INFO  Listners:14 - Test started from listner
2017-12-01 18:49:18 INFO  Listners:33 - Skipped test log
2017-12-01 18:49:18 INFO  Listners:33 - Skipped test log
2017-12-01 18:49:18 INFO  Listners:14 - Test started from listner
2017-12-01 18:49:18 INFO  Listners:14 - Test started from listner
2017-12-01 18:49:18 INFO  Listners:33 - Skipped test log
2017-12-01 18:49:18 INFO  Listners:33 - Skipped test log
2017-12-01 18:49:18 INFO  Listners:14 - Test started from listner
2017-12-01 18:49:18 INFO  Listners:14 - Test started from listner
2017-12-01 18:49:18 INFO  Listners:33 - Skipped test log
2017-12-01 18:49:18 INFO  Listners:33 - Skipped test log
2017-12-01 18:49:18 INFO  Listners:14 - Test started from listner
2017-12-01 18:49:18 INFO  Listners:14 - Test started from listner
2017-12-01 18:49:18 INFO  Listners:33 - Skipped test log
2017-12-01 18:49:18 INFO  Listners:33 - Skipped test log
2017-12-01 18:51:20 INFO  Testbase:109 - Initialization completed-----------Now Trigerring Browser
2017-12-01 18:51:20 INFO  Testbase:109 - Browser launching
2017-12-01 18:51:24 INFO  Testbase:109 - URL opening
2017-12-01 18:52:03 INFO  Testbase:109 - back from init
2017-12-01 18:52:04 INFO  Testbase:109 - path of file found and set
2017-12-01 18:52:04 INFO  Listners:14 - Test started from listner
2017-12-01 18:52:04 INFO  Listners:14 - Test started from listner
2017-12-01 18:52:04 INFO  Testbase:109 - Entered1
2017-12-01 18:52:04 INFO  Testbase:109 - ENvronment from jenkinsSIT
2017-12-01 18:52:04 INFO  Testbase:109 - Url from jenkinshttps://www.google.com
2017-12-01 18:52:04 INFO  Listners:33 - Skipped test log
2017-12-01 18:52:04 INFO  Listners:33 - Skipped test log
2017-12-01 18:52:04 INFO  Listners:14 - Test started from listner
2017-12-01 18:52:04 INFO  Listners:14 - Test started from listner
2017-12-01 18:52:04 INFO  Testbase:109 - Entered1
2017-12-01 18:52:04 INFO  Testbase:109 - ENvronment from jenkinsSIT
2017-12-01 18:52:04 INFO  Testbase:109 - Url from jenkinshttps://www.google.com
2017-12-01 18:52:04 INFO  Testbase:109 - 3.0
2017-12-01 18:52:04 INFO  Testbase:109 - 4.0
2017-12-01 18:52:04 INFO  Listners:20 - Test case passed and status is1
2017-12-01 18:52:04 INFO  Listners:20 - Test case passed and status is1
2017-12-01 18:52:04 INFO  Listners:14 - Test started from listner
2017-12-01 18:52:04 INFO  Listners:14 - Test started from listner
2017-12-01 18:52:04 INFO  Testbase:109 - Entered1
2017-12-01 18:52:04 INFO  Testbase:109 - ENvronment from jenkinsSIT
2017-12-01 18:52:04 INFO  Testbase:109 - Url from jenkinshttps://www.google.com
2017-12-01 18:52:04 INFO  Testbase:109 - 5.0
2017-12-01 18:52:04 INFO  Testbase:109 - 6.0
2017-12-01 18:52:04 INFO  Listners:20 - Test case passed and status is1
2017-12-01 18:52:04 INFO  Listners:20 - Test case passed and status is1
2017-12-01 18:52:04 INFO  Listners:14 - Test started from listner
2017-12-01 18:52:04 INFO  Listners:14 - Test started from listner
2017-12-01 18:52:04 INFO  Testbase:109 - Entered1
2017-12-01 18:52:04 INFO  Testbase:109 - ENvronment from jenkinsSIT
2017-12-01 18:52:04 INFO  Testbase:109 - Url from jenkinshttps://www.google.com
2017-12-01 18:52:04 INFO  Listners:33 - Skipped test log
2017-12-01 18:52:04 INFO  Listners:33 - Skipped test log
2017-12-01 18:52:04 INFO  Listners:14 - Test started from listner
2017-12-01 18:52:04 INFO  Listners:14 - Test started from listner
2017-12-01 18:52:04 INFO  Testbase:109 - Entered1
2017-12-01 18:52:04 INFO  Testbase:109 - ENvronment from jenkinsSIT
2017-12-01 18:52:04 INFO  Testbase:109 - Url from jenkinshttps://www.google.com
2017-12-01 18:52:04 INFO  Testbase:109 - 9.0
2017-12-01 18:52:04 INFO  Testbase:109 - 10.0
2017-12-01 18:52:04 INFO  Listners:20 - Test case passed and status is1
2017-12-01 18:52:04 INFO  Listners:20 - Test case passed and status is1
2017-12-01 18:52:04 INFO  Listners:14 - Test started from listner
2017-12-01 18:52:04 INFO  Listners:14 - Test started from listner
2017-12-01 18:52:04 INFO  Testbase:109 - Entered1
2017-12-01 18:52:04 INFO  Testbase:109 - ENvronment from jenkinsSIT
2017-12-01 18:52:04 INFO  Testbase:109 - Url from jenkinshttps://www.google.com
2017-12-01 18:52:04 INFO  Listners:33 - Skipped test log
2017-12-01 18:52:04 INFO  Listners:33 - Skipped test log
2017-12-01 18:52:06 INFO  Testbase:109 - Browser closed
2017-12-01 18:53:24 INFO  Testbase:109 - Initialization completed-----------Now Trigerring Browser
2017-12-01 18:53:24 INFO  Testbase:109 - Browser launching
2017-12-01 18:53:28 INFO  Testbase:109 - URL opening
2017-12-01 18:53:42 INFO  Testbase:109 - back from init
2017-12-01 18:53:43 INFO  Testbase:109 - path of file found and set
2017-12-01 18:53:43 INFO  Listners:14 - Test started from listner
2017-12-01 18:53:43 INFO  Listners:14 - Test started from listner
2017-12-01 18:53:43 INFO  Testbase:109 - Entered1
2017-12-01 18:53:43 INFO  Testbase:109 - ENvronment from jenkinsSIT
2017-12-01 18:53:43 INFO  Testbase:109 - Url from jenkinshttps://www.google.com
2017-12-01 18:53:43 INFO  Listners:33 - Skipped test log
2017-12-01 18:53:43 INFO  Listners:33 - Skipped test log
2017-12-01 18:53:43 INFO  Listners:14 - Test started from listner
2017-12-01 18:53:43 INFO  Listners:14 - Test started from listner
2017-12-01 18:53:43 INFO  Testbase:109 - Entered1
2017-12-01 18:53:43 INFO  Testbase:109 - ENvronment from jenkinsSIT
2017-12-01 18:53:43 INFO  Testbase:109 - Url from jenkinshttps://www.google.com
2017-12-01 18:53:43 INFO  Testbase:109 - 3.0
2017-12-01 18:53:43 INFO  Testbase:109 - 4.0
2017-12-01 18:53:43 INFO  Listners:20 - Test case passed and status is1
2017-12-01 18:53:43 INFO  Listners:20 - Test case passed and status is1
2017-12-01 18:53:43 INFO  Listners:14 - Test started from listner
2017-12-01 18:53:43 INFO  Listners:14 - Test started from listner
2017-12-01 18:53:43 INFO  Testbase:109 - Entered1
2017-12-01 18:53:43 INFO  Testbase:109 - ENvronment from jenkinsSIT
2017-12-01 18:53:43 INFO  Testbase:109 - Url from jenkinshttps://www.google.com
2017-12-01 18:53:43 INFO  Testbase:109 - 5.0
2017-12-01 18:53:43 INFO  Testbase:109 - 6.0
2017-12-01 18:53:43 INFO  Listners:20 - Test case passed and status is1
2017-12-01 18:53:43 INFO  Listners:20 - Test case passed and status is1
2017-12-01 18:53:43 INFO  Listners:14 - Test started from listner
2017-12-01 18:53:43 INFO  Listners:14 - Test started from listner
2017-12-01 18:53:43 INFO  Testbase:109 - Entered1
2017-12-01 18:53:43 INFO  Testbase:109 - ENvronment from jenkinsSIT
2017-12-01 18:53:43 INFO  Testbase:109 - Url from jenkinshttps://www.google.com
2017-12-01 18:53:43 INFO  Listners:33 - Skipped test log
2017-12-01 18:53:43 INFO  Listners:33 - Skipped test log
2017-12-01 18:53:43 INFO  Listners:14 - Test started from listner
2017-12-01 18:53:43 INFO  Listners:14 - Test started from listner
2017-12-01 18:53:43 INFO  Testbase:109 - Entered1
2017-12-01 18:53:43 INFO  Testbase:109 - ENvronment from jenkinsSIT
2017-12-01 18:53:43 INFO  Testbase:109 - Url from jenkinshttps://www.google.com
2017-12-01 18:53:43 INFO  Testbase:109 - 9.0
2017-12-01 18:53:43 INFO  Testbase:109 - 10.0
2017-12-01 18:53:43 INFO  Listners:20 - Test case passed and status is1
2017-12-01 18:53:43 INFO  Listners:20 - Test case passed and status is1
2017-12-01 18:53:43 INFO  Listners:14 - Test started from listner
2017-12-01 18:53:43 INFO  Listners:14 - Test started from listner
2017-12-01 18:53:43 INFO  Testbase:109 - Entered1
2017-12-01 18:53:43 INFO  Testbase:109 - ENvronment from jenkinsSIT
2017-12-01 18:53:43 INFO  Testbase:109 - Url from jenkinshttps://www.google.com
2017-12-01 18:53:43 INFO  Listners:33 - Skipped test log
2017-12-01 18:53:43 INFO  Listners:33 - Skipped test log
2017-12-01 18:53:45 INFO  Testbase:109 - Browser closed
2017-12-01 18:55:12 INFO  Testbase:109 - Initialization completed-----------Now Trigerring Browser
2017-12-01 18:55:12 INFO  Testbase:109 - Browser launching
2017-12-01 18:55:19 INFO  Testbase:109 - URL opening
2017-12-01 18:55:41 INFO  Testbase:109 - back from init
2017-12-01 18:55:42 INFO  Testbase:109 - path of file found and set
2017-12-01 18:55:42 INFO  Listners:14 - Test started from listner
2017-12-01 18:55:42 INFO  Listners:14 - Test started from listner
2017-12-01 18:55:42 INFO  Testbase:109 - Entered1
2017-12-01 18:55:42 INFO  Testbase:109 - ENvronment from jenkinsSIT
2017-12-01 18:55:42 INFO  Testbase:109 - Url from jenkinshttps://www.google.com
2017-12-01 18:55:42 INFO  Listners:33 - Skipped test log
2017-12-01 18:55:42 INFO  Listners:33 - Skipped test log
2017-12-01 18:55:42 INFO  Listners:14 - Test started from listner
2017-12-01 18:55:42 INFO  Listners:14 - Test started from listner
2017-12-01 18:55:42 INFO  Testbase:109 - Entered1
2017-12-01 18:55:42 INFO  Testbase:109 - ENvronment from jenkinsSIT
2017-12-01 18:55:42 INFO  Testbase:109 - Url from jenkinshttps://www.google.com
2017-12-01 18:55:42 INFO  Testbase:109 - 3.0
2017-12-01 18:55:42 INFO  Testbase:109 - 4.0
2017-12-01 18:55:42 INFO  Listners:20 - Test case passed and status is1
2017-12-01 18:55:42 INFO  Listners:20 - Test case passed and status is1
2017-12-01 18:55:42 INFO  Listners:14 - Test started from listner
2017-12-01 18:55:42 INFO  Listners:14 - Test started from listner
2017-12-01 18:55:42 INFO  Testbase:109 - Entered1
2017-12-01 18:55:42 INFO  Testbase:109 - ENvronment from jenkinsSIT
2017-12-01 18:55:42 INFO  Testbase:109 - Url from jenkinshttps://www.google.com
2017-12-01 18:55:42 INFO  Testbase:109 - 5.0
2017-12-01 18:55:42 INFO  Testbase:109 - 6.0
2017-12-01 18:55:42 INFO  Listners:20 - Test case passed and status is1
2017-12-01 18:55:42 INFO  Listners:20 - Test case passed and status is1
2017-12-01 18:55:42 INFO  Listners:14 - Test started from listner
2017-12-01 18:55:42 INFO  Listners:14 - Test started from listner
2017-12-01 18:55:42 INFO  Testbase:109 - Entered1
2017-12-01 18:55:42 INFO  Testbase:109 - ENvronment from jenkinsSIT
2017-12-01 18:55:42 INFO  Testbase:109 - Url from jenkinshttps://www.google.com
2017-12-01 18:55:42 INFO  Listners:33 - Skipped test log
2017-12-01 18:55:42 INFO  Listners:33 - Skipped test log
2017-12-01 18:55:42 INFO  Listners:14 - Test started from listner
2017-12-01 18:55:42 INFO  Listners:14 - Test started from listner
2017-12-01 18:55:42 INFO  Testbase:109 - Entered1
2017-12-01 18:55:42 INFO  Testbase:109 - ENvronment from jenkinsSIT
2017-12-01 18:55:42 INFO  Testbase:109 - Url from jenkinshttps://www.google.com
2017-12-01 18:55:42 INFO  Testbase:109 - 9.0
2017-12-01 18:55:42 INFO  Testbase:109 - 10.0
2017-12-01 18:55:42 INFO  Listners:20 - Test case passed and status is1
2017-12-01 18:55:42 INFO  Listners:20 - Test case passed and status is1
2017-12-01 18:55:42 INFO  Listners:14 - Test started from listner
2017-12-01 18:55:42 INFO  Listners:14 - Test started from listner
2017-12-01 18:55:42 INFO  Testbase:109 - Entered1
2017-12-01 18:55:42 INFO  Testbase:109 - ENvronment from jenkinsSIT
2017-12-01 18:55:42 INFO  Testbase:109 - Url from jenkinshttps://www.google.com
2017-12-01 18:55:42 INFO  Listners:33 - Skipped test log
2017-12-01 18:55:42 INFO  Listners:33 - Skipped test log
2017-12-01 18:55:43 INFO  Testbase:109 - Browser closed
2017-12-01 18:57:22 INFO  Testbase:109 - Initialization completed-----------Now Trigerring Browser
2017-12-01 18:57:22 INFO  Testbase:109 - Browser launching
2017-12-01 18:57:28 INFO  Testbase:109 - URL opening
2017-12-01 18:57:30 INFO  Testbase:109 - back from init
2017-12-01 18:57:31 INFO  Testbase:109 - path of file found and set
2017-12-01 18:57:31 INFO  Listners:14 - Test started from listner
2017-12-01 18:57:31 INFO  Listners:14 - Test started from listner
2017-12-01 18:57:31 INFO  Testbase:109 - Entered1
2017-12-01 18:57:31 INFO  Testbase:109 - ENvronment from jenkinsSIT
2017-12-01 18:57:31 INFO  Testbase:109 - Url from jenkinshttps://www.google.com
2017-12-01 18:57:31 INFO  Listners:33 - Skipped test log
2017-12-01 18:57:31 INFO  Listners:33 - Skipped test log
2017-12-01 18:57:31 INFO  Listners:14 - Test started from listner
2017-12-01 18:57:31 INFO  Listners:14 - Test started from listner
2017-12-01 18:57:31 INFO  Testbase:109 - Entered1
2017-12-01 18:57:31 INFO  Testbase:109 - ENvronment from jenkinsSIT
2017-12-01 18:57:31 INFO  Testbase:109 - Url from jenkinshttps://www.google.com
2017-12-01 18:57:31 INFO  Testbase:109 - 3.0
2017-12-01 18:57:31 INFO  Testbase:109 - 4.0
2017-12-01 18:57:31 INFO  Listners:20 - Test case passed and status is1
2017-12-01 18:57:31 INFO  Listners:20 - Test case passed and status is1
2017-12-01 18:57:31 INFO  Listners:14 - Test started from listner
2017-12-01 18:57:31 INFO  Listners:14 - Test started from listner
2017-12-01 18:57:31 INFO  Testbase:109 - Entered1
2017-12-01 18:57:31 INFO  Testbase:109 - ENvronment from jenkinsSIT
2017-12-01 18:57:31 INFO  Testbase:109 - Url from jenkinshttps://www.google.com
2017-12-01 18:57:31 INFO  Testbase:109 - 5.0
2017-12-01 18:57:31 INFO  Testbase:109 - 6.0
2017-12-01 18:57:31 INFO  Listners:20 - Test case passed and status is1
2017-12-01 18:57:31 INFO  Listners:20 - Test case passed and status is1
2017-12-01 18:57:31 INFO  Listners:14 - Test started from listner
2017-12-01 18:57:31 INFO  Listners:14 - Test started from listner
2017-12-01 18:57:31 INFO  Testbase:109 - Entered1
2017-12-01 18:57:31 INFO  Testbase:109 - ENvronment from jenkinsSIT
2017-12-01 18:57:31 INFO  Testbase:109 - Url from jenkinshttps://www.google.com
2017-12-01 18:57:31 INFO  Listners:33 - Skipped test log
2017-12-01 18:57:31 INFO  Listners:33 - Skipped test log
2017-12-01 18:57:31 INFO  Listners:14 - Test started from listner
2017-12-01 18:57:31 INFO  Listners:14 - Test started from listner
2017-12-01 18:57:31 INFO  Testbase:109 - Entered1
2017-12-01 18:57:31 INFO  Testbase:109 - ENvronment from jenkinsSIT
2017-12-01 18:57:31 INFO  Testbase:109 - Url from jenkinshttps://www.google.com
2017-12-01 18:57:31 INFO  Testbase:109 - 9.0
2017-12-01 18:57:31 INFO  Testbase:109 - 10.0
2017-12-01 18:57:31 INFO  Listners:20 - Test case passed and status is1
2017-12-01 18:57:31 INFO  Listners:20 - Test case passed and status is1
2017-12-01 18:57:31 INFO  Listners:14 - Test started from listner
2017-12-01 18:57:31 INFO  Listners:14 - Test started from listner
2017-12-01 18:57:31 INFO  Testbase:109 - Entered1
2017-12-01 18:57:31 INFO  Testbase:109 - ENvronment from jenkinsSIT
2017-12-01 18:57:31 INFO  Testbase:109 - Url from jenkinshttps://www.google.com
2017-12-01 18:57:31 INFO  Listners:33 - Skipped test log
2017-12-01 18:57:31 INFO  Listners:33 - Skipped test log
